{"/home/conejitomaya/Projects/js-capstone/src/helpers/test/functions/LeaderboardFetch.js": {"path":"/home/conejitomaya/Projects/js-capstone/src/helpers/test/functions/LeaderboardFetch.js","statementMap":{"0":{"start":{"line":1,"column":25},"end":{"line":11,"column":1}},"1":{"start":{"line":2,"column":13},"end":{"line":2,"column":35}},"2":{"start":{"line":3,"column":14},"end":{"line":3,"column":97}},"3":{"start":{"line":4,"column":2},"end":{"line":10,"column":3}},"4":{"start":{"line":5,"column":21},"end":{"line":5,"column":53}},"5":{"start":{"line":6,"column":15},"end":{"line":6,"column":36}},"6":{"start":{"line":7,"column":4},"end":{"line":7,"column":15}},"7":{"start":{"line":9,"column":4},"end":{"line":9,"column":16}},"8":{"start":{"line":13,"column":0},"end":{"line":13,"column":34}}},"fnMap":{"0":{"name":"(anonymous_0)","decl":{"start":{"line":1,"column":25},"end":{"line":1,"column":26}},"loc":{"start":{"line":1,"column":36},"end":{"line":11,"column":1}},"line":1}},"branchMap":{},"s":{"0":1,"1":2,"2":2,"3":2,"4":2,"5":2,"6":0,"7":2,"8":1},"f":{"0":2},"b":{},"_coverageSchema":"1a1c01bbd47fc00a2c39e90264f33305004495a9","hash":"7dcc7146a843f0e0946bbffe89a41159bcaf74d7"}
,"/home/conejitomaya/Projects/js-capstone/src/helpers/test/functions/LeaderboardPost.js": {"path":"/home/conejitomaya/Projects/js-capstone/src/helpers/test/functions/LeaderboardPost.js","statementMap":{"0":{"start":{"line":1,"column":24},"end":{"line":22,"column":1}},"1":{"start":{"line":2,"column":13},"end":{"line":2,"column":35}},"2":{"start":{"line":3,"column":14},"end":{"line":3,"column":97}},"3":{"start":{"line":4,"column":17},"end":{"line":7,"column":3}},"4":{"start":{"line":8,"column":17},"end":{"line":14,"column":3}},"5":{"start":{"line":15,"column":2},"end":{"line":21,"column":3}},"6":{"start":{"line":16,"column":21},"end":{"line":16,"column":45}},"7":{"start":{"line":17,"column":15},"end":{"line":17,"column":36}},"8":{"start":{"line":18,"column":4},"end":{"line":18,"column":15}},"9":{"start":{"line":20,"column":4},"end":{"line":20,"column":16}},"10":{"start":{"line":24,"column":0},"end":{"line":24,"column":33}}},"fnMap":{"0":{"name":"(anonymous_0)","decl":{"start":{"line":1,"column":24},"end":{"line":1,"column":25}},"loc":{"start":{"line":1,"column":46},"end":{"line":22,"column":1}},"line":1}},"branchMap":{},"s":{"0":1,"1":1,"2":1,"3":1,"4":1,"5":1,"6":1,"7":1,"8":0,"9":1,"10":1},"f":{"0":1},"b":{},"_coverageSchema":"1a1c01bbd47fc00a2c39e90264f33305004495a9","hash":"9a0e51e4f992d789e83b88cee049f9b1fbd5764f"}
}
